<?xml version="1.0" encoding="utf-8"?><testsuites name="pytest tests"><testsuite name="pytest" errors="0" failures="0" skipped="0" tests="30" time="85.401" timestamp="2026-06-04T18:32:36.859469+00:00" hostname="agent-env-41f6ebb8-cd00-4abf-8cf8-b8de96e10b25"><testcase classname="backend.tests.backend_test" name="test_health" time="0.167" /><testcase classname="backend.tests.backend_test" name="test_quote_valid[AAPL]" time="0.828" /><testcase classname="backend.tests.backend_test" name="test_quote_valid[TSLA]" time="0.573" /><testcase classname="backend.tests.backend_test" name="test_quote_valid[NVDA]" time="0.569" /><testcase classname="backend.tests.backend_test" name="test_quote_invalid" time="1.205" /><testcase classname="backend.tests.backend_test" name="test_chart_aapl_1y" time="0.186" /><testcase classname="backend.tests.backend_test" name="test_chart_timeframes[1D]" time="0.204" /><testcase classname="backend.tests.backend_test" name="test_chart_timeframes[1W]" time="0.220" /><testcase classname="backend.tests.backend_test" name="test_chart_timeframes[1M]" time="0.157" /><testcase classname="backend.tests.backend_test" name="test_chart_timeframes[3M]" time="0.146" /><testcase classname="backend.tests.backend_test" name="test_chart_timeframes[5Y]" time="0.223" /><testcase classname="backend.tests.backend_test" name="test_indicators" time="0.113" /><testcase classname="backend.tests.backend_test" name="test_news" time="0.247" /><testcase classname="backend.tests.backend_test" name="test_popular" time="3.322" /><testcase classname="backend.tests.backend_test" name="test_watchlist_flow" time="1.217" /><testcase classname="backend.tests.backend_test" name="test_watchlist_invalid_symbol" time="1.162" /><testcase classname="backend.tests.backend_test" name="test_alerts_flow" time="0.520" /><testcase classname="backend.tests.backend_test" name="test_analyze_models[gpt-5.2]" time="11.961" /><testcase classname="backend.tests.backend_test" name="test_analyze_models[claude-sonnet-4.5]" time="36.968" /><testcase classname="backend.tests.backend_test" name="test_analyze_models[gemini-3-flash]" time="4.877" /><testcase classname="backend.tests.backend_test" name="test_analyze_invalid_symbol" time="1.061" /><testcase classname="backend.tests.backend_test" name="test_analyst_consensus" time="0.284" /><testcase classname="backend.tests.backend_test" name="test_sentiment_graceful" time="0.175" /><testcase classname="backend.tests.backend_test" name="test_backtest_valid" time="0.471" /><testcase classname="backend.tests.backend_test" name="test_backtest_invalid_direction" time="0.053" /><testcase classname="backend.tests.backend_test" name="test_compare_multi" time="1.545" /><testcase classname="backend.tests.backend_test" name="test_history_all" time="4.319" /><testcase classname="backend.tests.backend_test" name="test_history_by_symbol" time="0.063" /><testcase classname="backend.tests.backend_test" name="test_analyze_includes_analyst_fields" time="12.127" /><testcase classname="backend.tests.backend_test" name="test_send_test_email" time="0.359" /></testsuite></testsuites>